c:\users\mathe\onedrive\documentos\mestrado\cgj\vs-setup17\intermedite\application17\x64_debug\vc141.pdb
c:\users\mathe\onedrive\documentos\mestrado\cgj\vs-setup17\intermedite\application17\x64_debug\vc141.idb
c:\users\mathe\onedrive\documentos\mestrado\cgj\vs-setup17\intermedite\application17\x64_debug\hello-2d-world.obj
c:\users\mathe\onedrive\documentos\mestrado\cgj\vs-setup17\intermedite\application17\x64_debug\app.obj
c:\users\mathe\onedrive\documentos\mestrado\cgj\vs-setup17\intermedite\application17\x64_debug\pch.obj
c:\users\mathe\onedrive\documentos\mestrado\cgj\vs-setup17\intermedite\application17\x64_debug\mglshader.obj
c:\users\mathe\onedrive\documentos\mestrado\cgj\vs-setup17\intermedite\application17\x64_debug\mglerror.obj
c:\users\mathe\onedrive\documentos\mestrado\cgj\vs-setup17\intermedite\application17\x64_debug\mglcamera.obj
c:\users\mathe\onedrive\documentos\mestrado\cgj\vs-setup17\intermedite\application17\x64_debug\mglapp.obj
c:\users\mathe\onedrive\documentos\mestrado\cgj\vs-setup17\intermedite\application17\x64_debug\entity.obj
c:\users\mathe\onedrive\documentos\mestrado\cgj\vs-setup17\intermedite\application17\x64_debug\application.obj
c:\users\mathe\onedrive\documentos\mestrado\cgj\vs-setup17\build\application17\x64_debug\application17.pdb
c:\users\mathe\onedrive\documentos\mestrado\cgj\vs-setup17\intermedite\application17\x64_debug\application17.tlog\cl.command.1.tlog
c:\users\mathe\onedrive\documentos\mestrado\cgj\vs-setup17\intermedite\application17\x64_debug\application17.tlog\cl.read.1.tlog
c:\users\mathe\onedrive\documentos\mestrado\cgj\vs-setup17\intermedite\application17\x64_debug\application17.tlog\cl.write.1.tlog
c:\users\mathe\onedrive\documentos\mestrado\cgj\vs-setup17\intermedite\application17\x64_debug\application17.tlog\link-cvtres.read.1.tlog
c:\users\mathe\onedrive\documentos\mestrado\cgj\vs-setup17\intermedite\application17\x64_debug\application17.tlog\link-cvtres.write.1.tlog
c:\users\mathe\onedrive\documentos\mestrado\cgj\vs-setup17\intermedite\application17\x64_debug\application17.tlog\link-rc.read.1.tlog
c:\users\mathe\onedrive\documentos\mestrado\cgj\vs-setup17\intermedite\application17\x64_debug\application17.tlog\link-rc.write.1.tlog
c:\users\mathe\onedrive\documentos\mestrado\cgj\vs-setup17\intermedite\application17\x64_debug\application17.tlog\link.command.1.tlog
c:\users\mathe\onedrive\documentos\mestrado\cgj\vs-setup17\intermedite\application17\x64_debug\application17.tlog\link.read.1.tlog
c:\users\mathe\onedrive\documentos\mestrado\cgj\vs-setup17\intermedite\application17\x64_debug\application17.tlog\link.write.1.tlog
